<?xml version="1.0" encoding="UTF-8"?>
<coverage generated="1764250115621" clover="3.2.0">
  <project timestamp="1764250115621" name="All files">
    <metrics statements="71" coveredstatements="71" conditionals="24" coveredconditionals="24" methods="14" coveredmethods="14" elements="109" coveredelements="109" complexity="0" loc="71" ncloc="71" packages="1" files="2" classes="2"/>
    <file name="readingWritingDatabase.js" path="C:\Users\Alexis\WebstormProjects\PlanBox-App\api\src\readingWritingDatabase.js">
      <metrics statements="8" coveredstatements="8" conditionals="2" coveredconditionals="2" methods="4" coveredmethods="4"/>
      <line num="1" count="2" type="stmt"/>
      <line num="7" count="6" type="stmt"/>
      <line num="16" count="25" type="cond" truecount="2" falsecount="0"/>
      <line num="17" count="1" type="stmt"/>
      <line num="20" count="24" type="stmt"/>
      <line num="30" count="15" type="stmt"/>
      <line num="38" count="28" type="stmt"/>
      <line num="42" count="2" type="stmt"/>
    </file>
    <file name="server.js" path="C:\Users\Alexis\WebstormProjects\PlanBox-App\api\src\server.js">
      <metrics statements="63" coveredstatements="63" conditionals="22" coveredconditionals="22" methods="10" coveredmethods="10"/>
      <line num="1" count="1" type="stmt"/>
      <line num="2" count="1" type="stmt"/>
      <line num="6" count="1" type="stmt"/>
      <line num="9" count="1" type="stmt"/>
      <line num="10" count="1" type="stmt"/>
      <line num="11" count="1" type="stmt"/>
      <line num="12" count="1" type="stmt"/>
      <line num="13" count="1" type="stmt"/>
      <line num="46" count="1" type="stmt"/>
      <line num="50" count="1" type="stmt"/>
      <line num="57" count="1" type="stmt"/>
      <line num="62" count="1" type="stmt"/>
      <line num="63" count="29" type="stmt"/>
      <line num="64" count="29" type="cond" truecount="4" falsecount="0"/>
      <line num="65" count="28" type="stmt"/>
      <line num="66" count="28" type="stmt"/>
      <line num="72" count="1" type="stmt"/>
      <line num="78" count="1" type="stmt"/>
      <line num="79" count="27" type="stmt"/>
      <line num="80" count="27" type="stmt"/>
      <line num="84" count="1" type="stmt"/>
      <line num="98" count="1" type="stmt"/>
      <line num="100" count="3" type="stmt"/>
      <line num="105" count="3" type="stmt"/>
      <line num="110" count="1" type="stmt"/>
      <line num="111" count="17" type="cond" truecount="2" falsecount="0"/>
      <line num="116" count="17" type="cond" truecount="4" falsecount="0"/>
      <line num="117" count="2" type="stmt"/>
      <line num="120" count="15" type="cond" truecount="2" falsecount="0"/>
      <line num="122" count="1" type="stmt"/>
      <line num="127" count="14" type="stmt"/>
      <line num="128" count="14" type="stmt"/>
      <line num="132" count="14" type="cond" truecount="2" falsecount="0"/>
      <line num="134" count="3" type="stmt"/>
      <line num="137" count="11" type="cond" truecount="2" falsecount="0"/>
      <line num="139" count="1" type="stmt"/>
      <line num="144" count="10" type="stmt"/>
      <line num="145" count="10" type="stmt"/>
      <line num="146" count="10" type="stmt"/>
      <line num="154" count="10" type="stmt"/>
      <line num="155" count="10" type="stmt"/>
      <line num="159" count="10" type="stmt"/>
      <line num="164" count="1" type="stmt"/>
      <line num="166" count="5" type="stmt"/>
      <line num="167" count="5" type="stmt"/>
      <line num="171" count="5" type="stmt"/>
      <line num="175" count="5" type="stmt"/>
      <line num="176" count="5" type="cond" truecount="2" falsecount="0"/>
      <line num="177" count="1" type="stmt"/>
      <line num="182" count="4" type="cond" truecount="2" falsecount="0"/>
      <line num="183" count="1" type="stmt"/>
      <line num="188" count="3" type="stmt"/>
      <line num="189" count="3" type="stmt"/>
      <line num="190" count="3" type="stmt"/>
      <line num="194" count="1" type="stmt"/>
      <line num="196" count="2" type="stmt"/>
      <line num="200" count="2" type="stmt"/>
      <line num="204" count="2" type="stmt"/>
      <line num="208" count="2" type="cond" truecount="2" falsecount="0"/>
      <line num="209" count="1" type="stmt"/>
      <line num="214" count="1" type="stmt"/>
      <line num="215" count="1" type="stmt"/>
      <line num="219" count="1" type="stmt"/>
    </file>
  </project>
</coverage>
