{"C:\\Users\\Alexis\\WebstormProjects\\PlanBox-App\\api\\src\\readingWritingDatabase.js": {"path":"C:\\Users\\Alexis\\WebstormProjects\\PlanBox-App\\api\\src\\readingWritingDatabase.js","statementMap":{"0":{"start":{"line":1,"column":11},"end":{"line":1,"column":24}},"1":{"start":{"line":7,"column":8},"end":{"line":7,"column":36}},"2":{"start":{"line":16,"column":8},"end":{"line":21,"column":9}},"3":{"start":{"line":17,"column":12},"end":{"line":17,"column":66}},"4":{"start":{"line":20,"column":12},"end":{"line":20,"column":64}},"5":{"start":{"line":30,"column":8},"end":{"line":30,"column":74}},"6":{"start":{"line":38,"column":8},"end":{"line":38,"column":48}},"7":{"start":{"line":42,"column":0},"end":{"line":42,"column":40}}},"fnMap":{"0":{"name":"(anonymous_0)","decl":{"start":{"line":6,"column":4},"end":{"line":6,"column":5}},"loc":{"start":{"line":6,"column":27},"end":{"line":8,"column":5}},"line":6},"1":{"name":"(anonymous_1)","decl":{"start":{"line":14,"column":4},"end":{"line":14,"column":5}},"loc":{"start":{"line":14,"column":16},"end":{"line":22,"column":5}},"line":14},"2":{"name":"(anonymous_2)","decl":{"start":{"line":29,"column":4},"end":{"line":29,"column":5}},"loc":{"start":{"line":29,"column":22},"end":{"line":31,"column":5}},"line":29},"3":{"name":"(anonymous_3)","decl":{"start":{"line":37,"column":4},"end":{"line":37,"column":5}},"loc":{"start":{"line":37,"column":11},"end":{"line":39,"column":5}},"line":37}},"branchMap":{"0":{"loc":{"start":{"line":16,"column":8},"end":{"line":21,"column":9}},"type":"if","locations":[{"start":{"line":16,"column":8},"end":{"line":21,"column":9}},{"start":{"line":19,"column":12},"end":{"line":21,"column":9}}],"line":16}},"s":{"0":2,"1":6,"2":25,"3":1,"4":24,"5":15,"6":28,"7":2},"f":{"0":6,"1":25,"2":15,"3":28},"b":{"0":[1,24]},"_coverageSchema":"1a1c01bbd47fc00a2c39e90264f33305004495a9","hash":"f8cec2aabade8ed3628fe6369bd9ffd2089ed0e8"}
,"C:\\Users\\Alexis\\WebstormProjects\\PlanBox-App\\api\\src\\server.js": {"path":"C:\\Users\\Alexis\\WebstormProjects\\PlanBox-App\\api\\src\\server.js","statementMap":{"0":{"start":{"line":1,"column":16},"end":{"line":1,"column":34}},"1":{"start":{"line":2,"column":13},"end":{"line":2,"column":28}},"2":{"start":{"line":6,"column":31},"end":{"line":6,"column":66}},"3":{"start":{"line":9,"column":11},"end":{"line":9,"column":24}},"4":{"start":{"line":10,"column":13},"end":{"line":10,"column":28}},"5":{"start":{"line":11,"column":18},"end":{"line":11,"column":47}},"6":{"start":{"line":12,"column":20},"end":{"line":12,"column":65}},"7":{"start":{"line":13,"column":24},"end":{"line":13,"column":47}},"8":{"start":{"line":46,"column":12},"end":{"line":46,"column":21}},"9":{"start":{"line":50,"column":23},"end":{"line":53,"column":1}},"10":{"start":{"line":57,"column":0},"end":{"line":57,"column":81}},"11":{"start":{"line":62,"column":0},"end":{"line":74,"column":3}},"12":{"start":{"line":63,"column":19},"end":{"line":63,"column":37}},"13":{"start":{"line":64,"column":4},"end":{"line":73,"column":5}},"14":{"start":{"line":65,"column":8},"end":{"line":69,"column":27}},"15":{"start":{"line":66,"column":44},"end":{"line":66,"column":65}},"16":{"start":{"line":72,"column":8},"end":{"line":72,"column":52}},"17":{"start":{"line":78,"column":0},"end":{"line":81,"column":3}},"18":{"start":{"line":79,"column":4},"end":{"line":79,"column":67}},"19":{"start":{"line":80,"column":4},"end":{"line":80,"column":11}},"20":{"start":{"line":84,"column":0},"end":{"line":84,"column":24}},"21":{"start":{"line":98,"column":0},"end":{"line":106,"column":3}},"22":{"start":{"line":100,"column":18},"end":{"line":104,"column":7}},"23":{"start":{"line":100,"column":48},"end":{"line":104,"column":5}},"24":{"start":{"line":105,"column":4},"end":{"line":105,"column":32}},"25":{"start":{"line":110,"column":0},"end":{"line":160,"column":3}},"26":{"start":{"line":111,"column":52},"end":{"line":111,"column":60}},"27":{"start":{"line":116,"column":4},"end":{"line":118,"column":5}},"28":{"start":{"line":117,"column":8},"end":{"line":117,"column":64}},"29":{"start":{"line":120,"column":4},"end":{"line":123,"column":5}},"30":{"start":{"line":122,"column":8},"end":{"line":122,"column":70}},"31":{"start":{"line":127,"column":4},"end":{"line":127,"column":78}},"32":{"start":{"line":128,"column":4},"end":{"line":128,"column":90}},"33":{"start":{"line":132,"column":4},"end":{"line":135,"column":5}},"34":{"start":{"line":134,"column":8},"end":{"line":134,"column":70}},"35":{"start":{"line":137,"column":4},"end":{"line":140,"column":5}},"36":{"start":{"line":139,"column":8},"end":{"line":139,"column":65}},"37":{"start":{"line":144,"column":18},"end":{"line":144,"column":34}},"38":{"start":{"line":145,"column":16},"end":{"line":145,"column":26}},"39":{"start":{"line":146,"column":20},"end":{"line":153,"column":5}},"40":{"start":{"line":154,"column":4},"end":{"line":154,"column":24}},"41":{"start":{"line":155,"column":4},"end":{"line":155,"column":27}},"42":{"start":{"line":159,"column":4},"end":{"line":159,"column":34}},"43":{"start":{"line":164,"column":0},"end":{"line":191,"column":3}},"44":{"start":{"line":166,"column":17},"end":{"line":166,"column":27}},"45":{"start":{"line":167,"column":21},"end":{"line":167,"column":29}},"46":{"start":{"line":171,"column":21},"end":{"line":171,"column":37}},"47":{"start":{"line":175,"column":17},"end":{"line":175,"column":62}},"48":{"start":{"line":175,"column":39},"end":{"line":175,"column":61}},"49":{"start":{"line":176,"column":4},"end":{"line":178,"column":5}},"50":{"start":{"line":177,"column":8},"end":{"line":177,"column":65}},"51":{"start":{"line":182,"column":4},"end":{"line":184,"column":5}},"52":{"start":{"line":183,"column":8},"end":{"line":183,"column":65}},"53":{"start":{"line":188,"column":4},"end":{"line":188,"column":25}},"54":{"start":{"line":189,"column":4},"end":{"line":189,"column":30}},"55":{"start":{"line":190,"column":4},"end":{"line":190,"column":31}},"56":{"start":{"line":194,"column":0},"end":{"line":216,"column":3}},"57":{"start":{"line":196,"column":17},"end":{"line":196,"column":27}},"58":{"start":{"line":200,"column":21},"end":{"line":200,"column":37}},"59":{"start":{"line":204,"column":21},"end":{"line":204,"column":62}},"60":{"start":{"line":204,"column":42},"end":{"line":204,"column":61}},"61":{"start":{"line":208,"column":4},"end":{"line":210,"column":5}},"62":{"start":{"line":209,"column":8},"end":{"line":209,"column":65}},"63":{"start":{"line":214,"column":4},"end":{"line":214,"column":30}},"64":{"start":{"line":215,"column":4},"end":{"line":215,"column":27}},"65":{"start":{"line":219,"column":0},"end":{"line":219,"column":21}}},"fnMap":{"0":{"name":"(anonymous_0)","decl":{"start":{"line":62,"column":8},"end":{"line":62,"column":9}},"loc":{"start":{"line":62,"column":28},"end":{"line":74,"column":1}},"line":62},"1":{"name":"(anonymous_1)","decl":{"start":{"line":66,"column":20},"end":{"line":66,"column":21}},"loc":{"start":{"line":66,"column":42},"end":{"line":66,"column":67}},"line":66},"2":{"name":"(anonymous_2)","decl":{"start":{"line":78,"column":8},"end":{"line":78,"column":9}},"loc":{"start":{"line":78,"column":28},"end":{"line":81,"column":1}},"line":78},"3":{"name":"(anonymous_3)","decl":{"start":{"line":98,"column":18},"end":{"line":98,"column":19}},"loc":{"start":{"line":98,"column":32},"end":{"line":106,"column":1}},"line":98},"4":{"name":"(anonymous_4)","decl":{"start":{"line":100,"column":39},"end":{"line":100,"column":40}},"loc":{"start":{"line":100,"column":48},"end":{"line":104,"column":5}},"line":100},"5":{"name":"(anonymous_5)","decl":{"start":{"line":110,"column":19},"end":{"line":110,"column":20}},"loc":{"start":{"line":110,"column":33},"end":{"line":160,"column":1}},"line":110},"6":{"name":"(anonymous_6)","decl":{"start":{"line":164,"column":24},"end":{"line":164,"column":25}},"loc":{"start":{"line":164,"column":38},"end":{"line":191,"column":1}},"line":164},"7":{"name":"(anonymous_7)","decl":{"start":{"line":175,"column":31},"end":{"line":175,"column":32}},"loc":{"start":{"line":175,"column":39},"end":{"line":175,"column":61}},"line":175},"8":{"name":"(anonymous_8)","decl":{"start":{"line":194,"column":25},"end":{"line":194,"column":26}},"loc":{"start":{"line":194,"column":39},"end":{"line":216,"column":1}},"line":194},"9":{"name":"(anonymous_9)","decl":{"start":{"line":204,"column":37},"end":{"line":204,"column":38}},"loc":{"start":{"line":204,"column":42},"end":{"line":204,"column":61}},"line":204}},"branchMap":{"0":{"loc":{"start":{"line":64,"column":4},"end":{"line":73,"column":5}},"type":"if","locations":[{"start":{"line":64,"column":4},"end":{"line":73,"column":5}},{"start":{"line":71,"column":9},"end":{"line":73,"column":5}}],"line":64},"1":{"loc":{"start":{"line":64,"column":8},"end":{"line":64,"column":50}},"type":"binary-expr","locations":[{"start":{"line":64,"column":8},"end":{"line":64,"column":15}},{"start":{"line":64,"column":19},"end":{"line":64,"column":50}}],"line":64},"2":{"loc":{"start":{"line":111,"column":16},"end":{"line":111,"column":30}},"type":"default-arg","locations":[{"start":{"line":111,"column":28},"end":{"line":111,"column":30}}],"line":111},"3":{"loc":{"start":{"line":111,"column":32},"end":{"line":111,"column":47}},"type":"default-arg","locations":[{"start":{"line":111,"column":41},"end":{"line":111,"column":47}}],"line":111},"4":{"loc":{"start":{"line":116,"column":4},"end":{"line":118,"column":5}},"type":"if","locations":[{"start":{"line":116,"column":4},"end":{"line":118,"column":5}},{"start":{},"end":{}}],"line":116},"5":{"loc":{"start":{"line":116,"column":7},"end":{"line":116,"column":46}},"type":"binary-expr","locations":[{"start":{"line":116,"column":7},"end":{"line":116,"column":24}},{"start":{"line":116,"column":28},"end":{"line":116,"column":46}}],"line":116},"6":{"loc":{"start":{"line":120,"column":4},"end":{"line":123,"column":5}},"type":"if","locations":[{"start":{"line":120,"column":4},"end":{"line":123,"column":5}},{"start":{},"end":{}}],"line":120},"7":{"loc":{"start":{"line":132,"column":4},"end":{"line":135,"column":5}},"type":"if","locations":[{"start":{"line":132,"column":4},"end":{"line":135,"column":5}},{"start":{},"end":{}}],"line":132},"8":{"loc":{"start":{"line":137,"column":4},"end":{"line":140,"column":5}},"type":"if","locations":[{"start":{"line":137,"column":4},"end":{"line":140,"column":5}},{"start":{},"end":{}}],"line":137},"9":{"loc":{"start":{"line":176,"column":4},"end":{"line":178,"column":5}},"type":"if","locations":[{"start":{"line":176,"column":4},"end":{"line":178,"column":5}},{"start":{},"end":{}}],"line":176},"10":{"loc":{"start":{"line":182,"column":4},"end":{"line":184,"column":5}},"type":"if","locations":[{"start":{"line":182,"column":4},"end":{"line":184,"column":5}},{"start":{},"end":{}}],"line":182},"11":{"loc":{"start":{"line":208,"column":4},"end":{"line":210,"column":5}},"type":"if","locations":[{"start":{"line":208,"column":4},"end":{"line":210,"column":5}},{"start":{},"end":{}}],"line":208}},"s":{"0":1,"1":1,"2":1,"3":1,"4":1,"5":1,"6":1,"7":1,"8":1,"9":1,"10":1,"11":1,"12":29,"13":29,"14":28,"15":28,"16":1,"17":1,"18":27,"19":27,"20":1,"21":1,"22":3,"23":2,"24":3,"25":1,"26":17,"27":17,"28":2,"29":15,"30":1,"31":14,"32":14,"33":14,"34":3,"35":11,"36":1,"37":10,"38":10,"39":10,"40":10,"41":10,"42":10,"43":1,"44":5,"45":5,"46":5,"47":5,"48":4,"49":5,"50":1,"51":4,"52":1,"53":3,"54":3,"55":3,"56":1,"57":2,"58":2,"59":2,"60":1,"61":2,"62":1,"63":1,"64":1,"65":1},"f":{"0":29,"1":28,"2":27,"3":3,"4":2,"5":17,"6":5,"7":4,"8":2,"9":1},"b":{"0":[28,1],"1":[29,3],"2":[7],"3":[7],"4":[2,15],"5":[17,16],"6":[1,14],"7":[3,11],"8":[1,10],"9":[1,4],"10":[1,3],"11":[1,1]},"_coverageSchema":"1a1c01bbd47fc00a2c39e90264f33305004495a9","hash":"ff7dc4ac7f56234d85514c7ceb1da207324f4619"}
}
