TN:
SF:src\readingWritingDatabase.js
FN:6,(anonymous_0)
FN:14,(anonymous_1)
FN:29,(anonymous_2)
FN:37,(anonymous_3)
FNF:4
FNH:4
FNDA:6,(anonymous_0)
FNDA:25,(anonymous_1)
FNDA:15,(anonymous_2)
FNDA:28,(anonymous_3)
DA:1,2
DA:7,6
DA:16,25
DA:17,1
DA:20,24
DA:30,15
DA:38,28
DA:42,2
LF:8
LH:8
BRDA:16,0,0,1
BRDA:16,0,1,24
BRF:2
BRH:2
end_of_record
TN:
SF:src\server.js
FN:62,(anonymous_0)
FN:66,(anonymous_1)
FN:78,(anonymous_2)
FN:98,(anonymous_3)
FN:100,(anonymous_4)
FN:110,(anonymous_5)
FN:164,(anonymous_6)
FN:175,(anonymous_7)
FN:194,(anonymous_8)
FN:204,(anonymous_9)
FNF:10
FNH:10
FNDA:29,(anonymous_0)
FNDA:28,(anonymous_1)
FNDA:27,(anonymous_2)
FNDA:3,(anonymous_3)
FNDA:2,(anonymous_4)
FNDA:17,(anonymous_5)
FNDA:5,(anonymous_6)
FNDA:4,(anonymous_7)
FNDA:2,(anonymous_8)
FNDA:1,(anonymous_9)
DA:1,1
DA:2,1
DA:6,1
DA:9,1
DA:10,1
DA:11,1
DA:12,1
DA:13,1
DA:46,1
DA:50,1
DA:57,1
DA:62,1
DA:63,29
DA:64,29
DA:65,28
DA:66,28
DA:72,1
DA:78,1
DA:79,27
DA:80,27
DA:84,1
DA:98,1
DA:100,3
DA:105,3
DA:110,1
DA:111,17
DA:116,17
DA:117,2
DA:120,15
DA:122,1
DA:127,14
DA:128,14
DA:132,14
DA:134,3
DA:137,11
DA:139,1
DA:144,10
DA:145,10
DA:146,10
DA:154,10
DA:155,10
DA:159,10
DA:164,1
DA:166,5
DA:167,5
DA:171,5
DA:175,5
DA:176,5
DA:177,1
DA:182,4
DA:183,1
DA:188,3
DA:189,3
DA:190,3
DA:194,1
DA:196,2
DA:200,2
DA:204,2
DA:208,2
DA:209,1
DA:214,1
DA:215,1
DA:219,1
LF:63
LH:63
BRDA:64,0,0,28
BRDA:64,0,1,1
BRDA:64,1,0,29
BRDA:64,1,1,3
BRDA:111,2,0,7
BRDA:111,3,0,7
BRDA:116,4,0,2
BRDA:116,4,1,15
BRDA:116,5,0,17
BRDA:116,5,1,16
BRDA:120,6,0,1
BRDA:120,6,1,14
BRDA:132,7,0,3
BRDA:132,7,1,11
BRDA:137,8,0,1
BRDA:137,8,1,10
BRDA:176,9,0,1
BRDA:176,9,1,4
BRDA:182,10,0,1
BRDA:182,10,1,3
BRDA:208,11,0,1
BRDA:208,11,1,1
BRF:22
BRH:22
end_of_record
